[check] ==========================================
[check] SGL Nightly Docker Image Availability Check
[check] ==========================================
[check] Run Date/Time: 2025-10-14 09:00:01 PDT
[check] Machine: dell300x-pla-t10-23
[check] Repository: rocm/sgl-dev
[check] Hardware types: mi30x mi35x
[check] Checking images for date: 20251014

[check] Searching for mi30x image (discovering ROCM version)... found, verifying... ✓ AVAILABLE
[check]   Image: rocm/sgl-dev:v0.5.3.post1-rocm700-mi30x-20251014
[check] Searching for mi35x image (discovering ROCM version)... found, verifying... ✓ AVAILABLE
[check]   Image: rocm/sgl-dev:v0.5.3.post1-rocm700-mi35x-20251014

[check] ==========================================
[check] Summary
[check] ==========================================
[check] Total images checked: 2
[check] Available images: 2
[check] Missing images: 0

[check] ✓ All expected images are available!

[check] ==========================================
[check] Sending Teams Notification
[check] ==========================================
✅ Successfully sent Docker image success alert to Teams
   (Power Automate flow accepted - message processing asynchronously)
[check] Teams notification sent successfully
